<?xml version="1.0" encoding="UTF-8"?>
<!-- Generated by org.testng.reporters.JUnitXMLReporter -->
<testsuite hostname="HDC3-D-447RVQL" ignored="0" name="Default test" tests="3" failures="0" timestamp="24 Apr 2018 10:06:52 GMT" time="40.13" errors="0">
  <testcase name="firstTest" time="3.574" classname="com.bc.qa.testcases.LandingPageTest"/>
  <testcase name="secondTest" time="5.406" classname="com.bc.qa.testcases.LandingPageTest"/>
  <testcase name="addressTest" time="6.326" classname="com.bc.qa.testcases.LandingPageTest"/>
</testsuite> <!-- Default test -->
