<?xml version="1.0" encoding="UTF-8"?>
<!-- Generated by org.testng.reporters.JUnitXMLReporter -->
<testsuite hostname="HDC3-D-447RVQL" ignored="0" name="Test" tests="3" failures="0" timestamp="24 Apr 2018 10:09:43 GMT" time="37.255" errors="0">
  <testcase name="firstTest" time="3.409" classname="com.bc.qa.testcases.LandingPageTest"/>
  <testcase name="secondTest" time="4.824" classname="com.bc.qa.testcases.LandingPageTest"/>
  <testcase name="addressTest" time="6.24" classname="com.bc.qa.testcases.LandingPageTest"/>
</testsuite> <!-- Test -->
