<?xml version="1.0" encoding="UTF-8"?>
<testng-results skipped="0" failed="0" ignored="0" total="3" passed="3">
  <reporter-output>
  </reporter-output>
  <suite name="Suite" duration-ms="37255" started-at="2018-04-24T10:09:05Z" finished-at="2018-04-24T10:09:43Z">
    <groups>
    </groups>
    <test name="Test" duration-ms="37255" started-at="2018-04-24T10:09:05Z" finished-at="2018-04-24T10:09:43Z">
      <class name="com.bc.qa.testcases.LandingPageTest">
        <test-method status="PASS" signature="openBrowser()[pri:0, instance:com.bc.qa.testcases.LandingPageTest@29b5cd00]" name="openBrowser" is-config="true" duration-ms="19730" started-at="2018-04-24T10:09:05Z" finished-at="2018-04-24T10:09:25Z">
          <reporter-output>
          </reporter-output>
        </test-method> <!-- openBrowser -->
        <test-method status="PASS" signature="firstTest()[pri:0, instance:com.bc.qa.testcases.LandingPageTest@29b5cd00]" name="firstTest" duration-ms="3409" started-at="2018-04-24T10:09:25Z" finished-at="2018-04-24T10:09:29Z">
          <reporter-output>
          </reporter-output>
        </test-method> <!-- firstTest -->
        <test-method status="PASS" signature="secondTest()[pri:1, instance:com.bc.qa.testcases.LandingPageTest@29b5cd00]" name="secondTest" duration-ms="4824" started-at="2018-04-24T10:09:29Z" depends-on-methods="com.bc.qa.testcases.LandingPageTest.firstTest" finished-at="2018-04-24T10:09:33Z">
          <reporter-output>
          </reporter-output>
        </test-method> <!-- secondTest -->
        <test-method status="PASS" signature="addressTest()[pri:2, instance:com.bc.qa.testcases.LandingPageTest@29b5cd00]" name="addressTest" duration-ms="6240" started-at="2018-04-24T10:09:33Z" depends-on-methods="com.bc.qa.testcases.LandingPageTest.secondTest" finished-at="2018-04-24T10:09:40Z">
          <reporter-output>
          </reporter-output>
        </test-method> <!-- addressTest -->
        <test-method status="PASS" signature="closeBrowser()[pri:0, instance:com.bc.qa.testcases.LandingPageTest@29b5cd00]" name="closeBrowser" is-config="true" duration-ms="2973" started-at="2018-04-24T10:09:40Z" finished-at="2018-04-24T10:09:43Z">
          <reporter-output>
          </reporter-output>
        </test-method> <!-- closeBrowser -->
      </class> <!-- com.bc.qa.testcases.LandingPageTest -->
    </test> <!-- Test -->
  </suite> <!-- Suite -->
</testng-results>
